16:42:34 **** Incremental Build of configuration Debug for project 498 ****
make all 
Building file: ../498.cpp
Invoking: GCC C++ Compiler
g++ -O0 -g3 -Wall -c -fmessage-length=0 -MMD -MP -MF"498.d" -MT"498.d" -o "498.o" "../498.cpp"
../498.cpp: In function ‘int main()’:
../498.cpp:31:6: warning: unused variable ‘l’ [-Wunused-variable]
../498.cpp:31:9: warning: unused variable ‘a’ [-Wunused-variable]
../498.cpp:31:12: warning: unused variable ‘b’ [-Wunused-variable]
../498.cpp:31:15: warning: unused variable ‘m’ [-Wunused-variable]
../498.cpp:31:18: warning: unused variable ‘n’ [-Wunused-variable]
../498.cpp:31:24: warning: unused variable ‘x’ [-Wunused-variable]
../498.cpp:31:27: warning: unused variable ‘y’ [-Wunused-variable]
../498.cpp:31:30: warning: unused variable ‘j’ [-Wunused-variable]
../498.cpp:31:33: warning: unused variable ‘k’ [-Wunused-variable]
../498.cpp:31:39: warning: unused variable ‘sum’ [-Wunused-variable]
../498.cpp:31:48: warning: unused variable ‘cases’ [-Wunused-variable]
../498.cpp:31:59: warning: unused variable ‘maximum’ [-Wunused-variable]
../498.cpp:31:68: warning: unused variable ‘minimum’ [-Wunused-variable]
../498.cpp:32:4: warning: unused variable ‘count1’ [-Wunused-variable]
Finished building: ../498.cpp
 
Building target: 498
Invoking: GCC C++ Linker
g++  -o "498"  ./498.o   
Finished building target: 498
 

16:42:35 Build Finished (took 763ms)

