17:56:19 **** Incremental Build of configuration Debug for project 701 ****
make all 
Building file: ../701.cpp
Invoking: GCC C++ Compiler
g++ -O0 -g3 -Wall -c -fmessage-length=0 -MMD -MP -MF"701.d" -MT"701.d" -o "701.o" "../701.cpp"
../701.cpp: In function ‘int main()’:
../701.cpp:37:25: warning: unused variable ‘a’ [-Wunused-variable]
../701.cpp:37:28: warning: unused variable ‘b’ [-Wunused-variable]
../701.cpp:37:31: warning: unused variable ‘c’ [-Wunused-variable]
../701.cpp:37:34: warning: unused variable ‘m’ [-Wunused-variable]
../701.cpp:37:40: warning: unused variable ‘i’ [-Wunused-variable]
../701.cpp:37:49: warning: unused variable ‘j’ [-Wunused-variable]
../701.cpp:37:55: warning: unused variable ‘t’ [-Wunused-variable]
../701.cpp:37:58: warning: unused variable ‘sum’ [-Wunused-variable]
../701.cpp:37:67: warning: unused variable ‘cases’ [-Wunused-variable]
../701.cpp:38:4: warning: unused variable ‘maximum’ [-Wunused-variable]
../701.cpp:38:20: warning: unused variable ‘len’ [-Wunused-variable]
../701.cpp:38:32: warning: unused variable ‘minimum’ [-Wunused-variable]
Finished building: ../701.cpp
 
Building target: 701
Invoking: GCC C++ Linker
g++  -o "701"  ./701.o   
Finished building target: 701
 

17:56:20 Build Finished (took 564ms)

